<?xml version="1.0" encoding="UTF-8"?>
<!-- Generated by org.testng.reporters.JUnitReportReporter -->
<testsuite hostname="DESKTOP-6G7VCPJ" failures="0" tests="5" name="keywords_testNG_study.invocation_countstudy" time="0.026" errors="0" timestamp="2021-12-11T13:40:43 IST" skipped="0">
  <testcase classname="keywords_testNG_study.invocation_countstudy" name="TC1" time="0.008"/>
  <system-out>
    <![CDATA[TC1 is running]]>
  </system-out>
  <testcase classname="keywords_testNG_study.invocation_countstudy" name="TC1" time="0.002"/>
  <system-out>
    <![CDATA[TC1 is running]]>
  </system-out>
  <testcase classname="keywords_testNG_study.invocation_countstudy" name="TC1" time="0.002"/>
  <system-out>
    <![CDATA[TC1 is running]]>
  </system-out>
  <testcase classname="keywords_testNG_study.invocation_countstudy" name="TC1" time="0.010"/>
  <system-out>
    <![CDATA[TC1 is running]]>
  </system-out>
  <testcase classname="keywords_testNG_study.invocation_countstudy" name="TC2" time="0.004"/>
  <system-out>
    <![CDATA[TC2 is running]]>
  </system-out>
</testsuite> <!-- keywords_testNG_study.invocation_countstudy -->
