<?xml version="1.0" encoding="UTF-8"?>
<!-- Generated by org.testng.reporters.JUnitReportReporter -->
<testsuite hostname="DESKTOP-6G7VCPJ" failures="0" tests="1" name="hard_assert_study.hard_assert_sample2" time="0.017" errors="0" timestamp="2021-11-29T13:10:35 IST" skipped="0">
  <testcase classname="hard_assert_study.hard_assert_sample2" name="TC1AssertnotEquals" time="0.017"/>
  <system-out>
    <![CDATA[both are diff]]>
  </system-out>
</testsuite> <!-- hard_assert_study.hard_assert_sample2 -->
