<?xml version="1.0" encoding="UTF-8"?>
<!-- Generated by org.testng.reporters.JUnitReportReporter -->
<testsuite hostname="DESKTOP-6G7VCPJ" failures="0" tests="4" name="keywords_testNG_study.keyword_combination" time="0.018" errors="0" timestamp="2021-12-11T13:41:23 IST" skipped="0">
  <testcase classname="keywords_testNG_study.keyword_combination" name="a" time="0.001"/>
  <system-out>
    <![CDATA[a is running]]>
  </system-out>
  <testcase classname="keywords_testNG_study.keyword_combination" name="c" time="0.013"/>
  <system-out>
    <![CDATA[c is running]]>
  </system-out>
  <testcase classname="keywords_testNG_study.keyword_combination" name="d" time="0.003"/>
  <system-out>
    <![CDATA[d is running]]>
  </system-out>
  <testcase classname="keywords_testNG_study.keyword_combination" name="b" time="0.001"/>
  <system-out>
    <![CDATA[b is running]]>
  </system-out>
</testsuite> <!-- keywords_testNG_study.keyword_combination -->
