<?xml version="1.0" encoding="UTF-8"?>
<!-- Generated by org.testng.reporters.JUnitReportReporter -->
<testsuite hostname="DESKTOP-6G7VCPJ" failures="0" tests="1" name="TestNG.a_test1" time="5.602" errors="0" timestamp="2021-11-24T20:20:34 IST" skipped="0">
  <testcase classname="TestNG.a_test1" name="test" time="5.602"/>
  <system-out>
    <![CDATA[test case is passed]]>
  </system-out>
</testsuite> <!-- TestNG.a_test1 -->
