<?xml version="1.0" encoding="UTF-8"?>
<!-- Generated by org.testng.reporters.JUnitReportReporter -->
<testsuite hostname="DESKTOP-6G7VCPJ" failures="0" tests="3" name="tTestNG_xml_study.group1" time="0.016" errors="0" timestamp="2021-12-11T13:05:25 IST" skipped="0">
  <testcase classname="tTestNG_xml_study.group1" name="g1tc3" time="0.002"/>
  <system-out>
    <![CDATA[g1tc3 is running]]>
  </system-out>
  <testcase classname="tTestNG_xml_study.group1" name="g1tc4" time="0.003"/>
  <system-out>
    <![CDATA[g1tc4 is running]]>
  </system-out>
  <testcase classname="tTestNG_xml_study.group1" name="g1tc1" time="0.011"/>
  <system-out>
    <![CDATA[g1tc1 is running]]>
  </system-out>
</testsuite> <!-- tTestNG_xml_study.group1 -->
