<?xml version="1.0" encoding="UTF-8"?>
<!-- Generated by org.testng.reporters.JUnitReportReporter -->
<testsuite hostname="DESKTOP-6G7VCPJ" failures="0" tests="2" name="annotation_testng_study.annotation1_study" time="0.010" errors="0" timestamp="2021-11-26T13:52:22 IST" skipped="0">
  <testcase classname="annotation_testng_study.annotation1_study" name="testmethod1" time="0.002"/>
  <system-out>
    <![CDATA[tc1 is running]]>
  </system-out>
  <testcase classname="annotation_testng_study.annotation1_study" name="testmethod" time="0.008"/>
  <system-out>
    <![CDATA[tc is running]]>
  </system-out>
</testsuite> <!-- annotation_testng_study.annotation1_study -->
