<?xml version="1.0" encoding="UTF-8"?>
<!-- Generated by org.testng.reporters.JUnitReportReporter -->
<testsuite hostname="DESKTOP-6G7VCPJ" failures="0" tests="2" name="tTestNG_xml_study.sample1" time="0.017" errors="0" timestamp="2021-11-27T09:23:16 IST" skipped="0">
  <testcase classname="tTestNG_xml_study.sample1" name="s1tc4" time="0.002"/>
  <system-out>
    <![CDATA[s1tc4 is running]]>
  </system-out>
  <testcase classname="tTestNG_xml_study.sample1" name="s1tc2" time="0.015"/>
  <system-out>
    <![CDATA[s1tc2 is running]]>
  </system-out>
</testsuite> <!-- tTestNG_xml_study.sample1 -->
