<?xml version="1.0" encoding="UTF-8"?>
<!-- Generated by org.testng.reporters.JUnitReportReporter -->
<testsuite hostname="DESKTOP-6G7VCPJ" failures="0" tests="4" name="keywords_testNG_study.Priority_keyword_study" time="0.035" errors="0" timestamp="2021-11-26T09:39:55 IST" skipped="0">
  <testcase classname="keywords_testNG_study.Priority_keyword_study" name="tc3" time="0.026"/>
  <system-out>
    <![CDATA[tc3 is running]]>
  </system-out>
  <testcase classname="keywords_testNG_study.Priority_keyword_study" name="TC1" time="0.002"/>
  <system-out>
    <![CDATA[TC1 is running]]>
  </system-out>
  <testcase classname="keywords_testNG_study.Priority_keyword_study" name="tc4" time="0.003"/>
  <system-out>
    <![CDATA[tc4 is running]]>
  </system-out>
  <testcase classname="keywords_testNG_study.Priority_keyword_study" name="tc2" time="0.004"/>
  <system-out>
    <![CDATA[tc2 is running]]>
  </system-out>
</testsuite> <!-- keywords_testNG_study.Priority_keyword_study -->
