<?xml version="1.0" encoding="UTF-8"?>
<!-- Generated by org.testng.reporters.JUnitReportReporter -->
<testsuite hostname="DESKTOP-6G7VCPJ" failures="0" tests="3" name="keywords_testNG_study.dependsonmethods_STUDY" time="1.020" errors="0" timestamp="2021-12-11T13:10:36 IST" skipped="0">
  <testcase classname="keywords_testNG_study.dependsonmethods_STUDY" name="tc3" time="0.002"/>
  <system-out>
    <![CDATA[tc3 is running]]>
  </system-out>
  <testcase classname="keywords_testNG_study.dependsonmethods_STUDY" name="tc2" time="1.018"/>
  <system-out>
    <![CDATA[tc2 is running]]>
  </system-out>
  <testcase classname="keywords_testNG_study.dependsonmethods_STUDY" name="tc1" time="0.000"/>
  <system-out>
    <![CDATA[tc1 is running]]>
  </system-out>
</testsuite> <!-- keywords_testNG_study.dependsonmethods_STUDY -->
