<?xml version="1.0" encoding="UTF-8"?>
<!-- Generated by org.testng.reporters.JUnitReportReporter -->
<testsuite hostname="DESKTOP-6G7VCPJ" failures="0" tests="2" name="testng_listener.Test2" time="0.003" errors="0" timestamp="2021-12-08T11:11:52 IST" skipped="0">
  <testcase classname="testng_listener.Test2" name="TC3" time="0.001"/>
  <system-out>
    <![CDATA[TC3 running
Test Case successfully completed]]>
  </system-out>
  <testcase classname="testng_listener.Test2" name="TC4" time="0.002"/>
  <system-out>
    <![CDATA[TC4 running
Test Case successfully completed]]>
  </system-out>
</testsuite> <!-- testng_listener.Test2 -->
