<?xml version="1.0" encoding="UTF-8"?>
<!-- Generated by org.testng.reporters.JUnitReportReporter -->
<testsuite hostname="DESKTOP-6G7VCPJ" failures="0" tests="1" name="y_TestNG.b_test2" time="0.018" errors="0" timestamp="2021-11-26T10:04:26 IST" skipped="0">
  <testcase classname="y_TestNG.b_test2" name="tc1" time="0.018"/>
  <system-out>
    <![CDATA[case is passed]]>
  </system-out>
</testsuite> <!-- y_TestNG.b_test2 -->
