<?xml version="1.0" encoding="UTF-8"?>
<!-- Generated by org.testng.reporters.JUnitReportReporter -->
<testsuite hostname="DESKTOP-6G7VCPJ" failures="0" tests="1" name="POM_test_base_utility.kite_app_testing" time="11.819" errors="0" timestamp="2021-12-07T19:02:30 IST" skipped="0">
  <testcase classname="POM_test_base_utility.kite_app_testing" name="validateuserid" time="11.819"/>
  <system-out>
    <![CDATA[Validating UserID
User ID Matching TC 10 is passed
Taking screenshot]]>
  </system-out>
</testsuite> <!-- POM_test_base_utility.kite_app_testing -->
