<?xml version="1.0" encoding="UTF-8"?>
<!-- Generated by org.testng.reporters.JUnitReportReporter -->
<testsuite hostname="DESKTOP-6G7VCPJ" failures="0" tests="4" name="keywords_testNG_study.yimeout_study" time="1.090" errors="0" timestamp="2021-11-26T09:55:11 IST" skipped="0">
  <testcase classname="keywords_testNG_study.yimeout_study" name="tc1" time="0.020"/>
  <system-out>
    <![CDATA[tc1 is running]]>
  </system-out>
  <testcase classname="keywords_testNG_study.yimeout_study" name="tc4" time="0.051"/>
  <system-out>
    <![CDATA[tc4 is running]]>
  </system-out>
  <testcase classname="keywords_testNG_study.yimeout_study" name="tc2" time="1.012"/>
  <system-out>
    <![CDATA[tc2 is running]]>
  </system-out>
  <testcase classname="keywords_testNG_study.yimeout_study" name="tc3" time="0.007"/>
  <system-out>
    <![CDATA[tc3 is running]]>
  </system-out>
</testsuite> <!-- keywords_testNG_study.yimeout_study -->
