<?xml version="1.0" encoding="UTF-8"?>
<!-- Generated by org.testng.reporters.JUnitReportReporter -->
<testsuite hostname="DESKTOP-6G7VCPJ" failures="0" tests="1" name="hard_assert_study.hard_assert_sample4" time="0.017" errors="0" timestamp="2021-11-30T09:41:56 IST" skipped="0">
  <testcase classname="hard_assert_study.hard_assert_sample4" name="tc1assertnotnull" time="0.017"/>
  <system-out>
    <![CDATA[tc1 is passed sring is not null
tc1 is passed sring is not null]]>
  </system-out>
</testsuite> <!-- hard_assert_study.hard_assert_sample4 -->
