<?xml version="1.0" encoding="UTF-8"?>
<!-- Generated by org.testng.reporters.JUnitReportReporter -->
<testsuite hostname="DESKTOP-6G7VCPJ" failures="0" tests="1" name="y_TestNG.a_test1" time="17.107" errors="0" timestamp="2021-11-25T17:21:05 IST" skipped="0">
  <testcase classname="y_TestNG.a_test1" name="test" time="17.107"/>
  <system-out>
    <![CDATA[test case is passed
case is passed]]>
  </system-out>
</testsuite> <!-- y_TestNG.a_test1 -->
