<?xml version="1.0" encoding="UTF-8"?>
<!-- Generated by org.testng.reporters.JUnitReportReporter -->
<testsuite hostname="DESKTOP-6G7VCPJ" failures="0" tests="1" name="y_TestNG.c_test3" time="0.013" errors="0" timestamp="2021-11-25T09:19:48 IST" skipped="0">
  <testcase classname="y_TestNG.c_test3" name="f" time="0.013"/>
  <system-out>
    <![CDATA[case is passed]]>
  </system-out>
</testsuite> <!-- y_TestNG.c_test3 -->
