<?xml version="1.0" encoding="UTF-8"?>
<!-- Generated by org.testng.reporters.JUnitReportReporter -->
<testsuite hostname="DESKTOP-6G7VCPJ" failures="0" tests="1" name="tTestNG_xml_study.sample_paralle1" time="6.560" errors="0" timestamp="2021-11-29T09:24:03 IST" skipped="0">
  <testcase classname="tTestNG_xml_study.sample_paralle1" name="f" time="6.560"/>
  <system-out>
    <![CDATA[visited fb]]>
  </system-out>
</testsuite> <!-- tTestNG_xml_study.sample_paralle1 -->
