<?xml version="1.0" encoding="UTF-8"?>
<!-- Generated by org.testng.reporters.JUnitReportReporter -->
<testsuite hostname="DESKTOP-6G7VCPJ" failures="0" tests="3" name="tTestNG_xml_study.sample2" time="0.011" errors="0" timestamp="2021-11-27T09:23:16 IST" skipped="0">
  <testcase classname="tTestNG_xml_study.sample2" name="s2tc4" time="0.004"/>
  <system-out>
    <![CDATA[s2tc4 is running]]>
  </system-out>
  <testcase classname="tTestNG_xml_study.sample2" name="s2tc1" time="0.002"/>
  <system-out>
    <![CDATA[s2tc1 is running]]>
  </system-out>
  <testcase classname="tTestNG_xml_study.sample2" name="s2tc2" time="0.005"/>
  <system-out>
    <![CDATA[s2tc2 is running]]>
  </system-out>
</testsuite> <!-- tTestNG_xml_study.sample2 -->
