<?xml version="1.0" encoding="UTF-8"?>
<!-- Generated by org.testng.reporters.JUnitReportReporter -->
<testsuite hostname="DESKTOP-6G7VCPJ" failures="0" tests="2" name="POM_with_DDF_TestNG.Kite_test" time="10.537" errors="0" timestamp="2021-12-11T14:17:48 IST" skipped="0">
  <testcase classname="POM_with_DDF_TestNG.Kite_test" name="validate_kite_userid" time="3.790"/>
  <system-out>
    <![CDATA[Launched Home Page
screenshot captured
user id matched tc is passed ]]>
  </system-out>
  <testcase classname="POM_with_DDF_TestNG.Kite_test" name="validate_kite_userid" time="6.747"/>
  <system-out>
    <![CDATA[Launched Home Page
screenshot captured
user id matched tc is passed ]]>
  </system-out>
</testsuite> <!-- POM_with_DDF_TestNG.Kite_test -->
