<?xml version="1.0" encoding="UTF-8"?>
<!-- Generated by org.testng.reporters.JUnitReportReporter -->
<testsuite hostname="DESKTOP-6G7VCPJ" failures="0" tests="4" name="tTestNG_xml_study.group2" time="0.025" errors="0" timestamp="2021-12-11T13:08:52 IST" skipped="0">
  <testcase classname="tTestNG_xml_study.group2" name="g2tc1" time="0.014"/>
  <system-out>
    <![CDATA[g2tc1 is running]]>
  </system-out>
  <testcase classname="tTestNG_xml_study.group2" name="g2tc4" time="0.002"/>
  <system-out>
    <![CDATA[g2tc4 is running]]>
  </system-out>
  <testcase classname="tTestNG_xml_study.group2" name="g2tc2" time="0.006"/>
  <system-out>
    <![CDATA[g2tc2 is running]]>
  </system-out>
  <testcase classname="tTestNG_xml_study.group2" name="g2tc3" time="0.003"/>
  <system-out>
    <![CDATA[g2tc3 is running]]>
  </system-out>
</testsuite> <!-- tTestNG_xml_study.group2 -->
