<?xml version="1.0" encoding="UTF-8"?>
<!-- Generated by org.testng.reporters.JUnitReportReporter -->
<testsuite hostname="DESKTOP-6G7VCPJ" failures="0" tests="2" name="cross_browser_test.crossbrowsertest1" time="69.478" errors="0" timestamp="2021-12-02T13:18:47 IST" skipped="0">
  <testcase classname="cross_browser_test.crossbrowsertest1" name="f" time="39.781"/>
  <system-out>
    <![CDATA[launchng kite app
logging in kite 
enterimg pin 
visiting homepage
Validating UserID 
TC is passed
Validation done...Logging out... 
Closing browser ]]>
  </system-out>
  <testcase classname="cross_browser_test.crossbrowsertest1" name="f" time="29.697"/>
  <system-out>
    <![CDATA[launchng kite app
logging in kite 
enterimg pin 
visiting homepage
Validating UserID 
TC is passed
Validation done...Logging out... 
Closing browser ]]>
  </system-out>
</testsuite> <!-- cross_browser_test.crossbrowsertest1 -->
