<?xml version="1.0" encoding="UTF-8"?>
<!-- Generated by org.testng.reporters.JUnitReportReporter -->
<testsuite hostname="DESKTOP-6G7VCPJ" failures="0" tests="1" name="hard_assert_study.hard_assert_sample1" time="0.014" errors="0" timestamp="2021-12-11T13:55:29 IST" skipped="0">
  <testcase classname="hard_assert_study.hard_assert_sample1" name="TC1AssertEquals" time="0.014"/>
  <system-out>
    <![CDATA[s1 and s2 are matching]]>
  </system-out>
</testsuite> <!-- hard_assert_study.hard_assert_sample1 -->
