<?xml version="1.0" encoding="UTF-8"?>
<!-- Generated by org.testng.reporters.JUnitReportReporter -->
<testsuite hostname="DESKTOP-6G7VCPJ" failures="0" tests="1" name="y_TestNG.NewTest1" time="0.017" errors="0" timestamp="2021-11-25T17:36:50 IST" skipped="0">
  <testcase classname="y_TestNG.NewTest1" name="f" time="0.017"/>
  <system-out>
    <![CDATA[case is passed]]>
  </system-out>
</testsuite> <!-- y_TestNG.NewTest1 -->
