<?xml version="1.0" encoding="UTF-8"?>
<!-- Generated by org.testng.reporters.JUnitReportReporter -->
<testsuite hostname="DESKTOP-6G7VCPJ" failures="0" tests="4" name="keywords_testNG_study.Enabled_keyword_study" time="0.016" errors="0" timestamp="2021-12-11T13:37:41 IST" skipped="1">
  <testcase classname="keywords_testNG_study.Enabled_keyword_study" name="tc1" time="0.010"/>
  <system-out>
    <![CDATA[tc1 is running]]>
  </system-out>
  <testcase classname="keywords_testNG_study.Enabled_keyword_study" name="tc2" time="0.003"/>
  <system-out>
    <![CDATA[tc2 is running]]>
  </system-out>
  <testcase classname="keywords_testNG_study.Enabled_keyword_study" name="tc4" time="0.003"/>
  <system-out>
    <![CDATA[tc4 is running]]>
  </system-out>
  <testcase classname="keywords_testNG_study.Enabled_keyword_study" name="tc3">
    <skipped/>
  </testcase> <!-- tc3 -->
  <system-out/>
</testsuite> <!-- keywords_testNG_study.Enabled_keyword_study -->
