<?xml version="1.0" encoding="UTF-8"?>
<!-- Generated by org.testng.reporters.JUnitReportReporter -->
<testsuite hostname="DESKTOP-6G7VCPJ" failures="0" tests="2" name="cross_browser_test.kitelogin" time="59.751" errors="0" timestamp="2021-12-02T14:10:11 IST" skipped="0">
  <testcase classname="cross_browser_test.kitelogin" name="f" time="25.414"/>
  <system-out>
    <![CDATA[launchng kite app
logging in kite 
entering pin 
visiting homepage
Validating UserID 
TC is passed
Closing browser ]]>
  </system-out>
  <testcase classname="cross_browser_test.kitelogin" name="f" time="34.337"/>
  <system-out>
    <![CDATA[launchng kite app
logging in kite 
entering pin 
visiting homepage
Validating UserID 
TC is passed
Closing browser ]]>
  </system-out>
</testsuite> <!-- cross_browser_test.kitelogin -->
